python-dotenv could not parse statement starting at line 48
python-dotenv could not parse statement starting at line 49
✅ Gerado: /root/Voxcia-Ops/reports/daily/2026-04-25_leads.md
python-dotenv could not parse statement starting at line 48
python-dotenv could not parse statement starting at line 49
🔍 Conectando ao projeto: https://gusrpxwocwpbnvkqlwep.supabase.co
✅ Relatório de auditoria salvo em: /root/Voxcia-Ops/reports/daily/2026-04-25_audit.md
python-dotenv could not parse statement starting at line 48
python-dotenv could not parse statement starting at line 49
✅ Gerado: /root/Voxcia-Ops/reports/daily/2026-05-03_leads.md
python-dotenv could not parse statement starting at line 48
python-dotenv could not parse statement starting at line 49
🔍 Conectando ao projeto: https://gusrpxwocwpbnvkqlwep.supabase.co
❌ Falha na auditoria: HTTPSConnectionPool(host='gusrpxwocwpbnvkqlwep.supabase.co', port=443): Max retries exceeded with url: /rest/v1/leads?select=email (Caused by NameResolutionError("<urllib3.connection.HTTPSConnection object at 0x7f77eec77250>: Failed to resolve 'gusrpxwocwpbnvkqlwep.supabase.co' ([Errno -2] Name or service not known)"))
python-dotenv could not parse statement starting at line 48
python-dotenv could not parse statement starting at line 49
python-dotenv could not parse statement starting at line 72
python-dotenv could not parse statement starting at line 86
python-dotenv could not parse statement starting at line 87
✅ Gerado: /root/Voxcia-Ops/reports/daily/2026-05-06_leads.md
python-dotenv could not parse statement starting at line 48
python-dotenv could not parse statement starting at line 49
python-dotenv could not parse statement starting at line 72
python-dotenv could not parse statement starting at line 86
python-dotenv could not parse statement starting at line 87
🔍 Conectando ao projeto: https://gusrpxwocwpbnvkqlwep.supabase.co
❌ Falha na auditoria: HTTPSConnectionPool(host='gusrpxwocwpbnvkqlwep.supabase.co', port=443): Max retries exceeded with url: /rest/v1/leads?select=email (Caused by NameResolutionError("<urllib3.connection.HTTPSConnection object at 0x7f95a749f250>: Failed to resolve 'gusrpxwocwpbnvkqlwep.supabase.co' ([Errno -2] Name or service not known)"))
